<?xml version="1.0" encoding="UTF-8"?>
<!-- Generated by org.testng.reporters.JUnitReportReporter -->
<testsuite hostname="DESKTOP-DPM58SF" failures="0" tests="1" name="com.obsqura.rmart_supermarket.Testscript.HomePageTest" time="7.513" errors="0" timestamp="2025-03-27T14:27:24 IST" skipped="0">
  <testcase classname="com.obsqura.rmart_supermarket.Testscript.HomePageTest" name="verifyUserCanLogout" time="7.513"/>
</testsuite> <!-- com.obsqura.rmart_supermarket.Testscript.HomePageTest -->
