<?xml version="1.0" encoding="UTF-8"?>
<!-- Generated by org.testng.reporters.JUnitReportReporter -->
<testsuite hostname="DESKTOP-DPM58SF" failures="0" tests="6" name="com.obsqura.rmart_supermarket.Testscript.LoginPageTest" time="67.952" errors="0" timestamp="2025-04-02T08:43:03 IST" skipped="0">
  <testcase classname="com.obsqura.rmart_supermarket.Testscript.LoginPageTest" name="validUsernameAndInvalidPassword" time="11.073"/>
  <testcase classname="com.obsqura.rmart_supermarket.Testscript.LoginPageTest" name="invalidUsernameAndInvalidPassword" time="11.652"/>
  <testcase classname="com.obsqura.rmart_supermarket.Testscript.LoginPageTest" name="invalidUsernameAndInvalidPassword" time="4.106"/>
  <testcase classname="com.obsqura.rmart_supermarket.Testscript.LoginPageTest" name="invalidUsernameAndInvalidPassword" time="6.646"/>
  <testcase classname="com.obsqura.rmart_supermarket.Testscript.LoginPageTest" name="invalidUsernameAndValidPassword" time="22.500"/>
  <testcase classname="com.obsqura.rmart_supermarket.Testscript.LoginPageTest" name="validUsernameAndPassword" time="11.975"/>
</testsuite> <!-- com.obsqura.rmart_supermarket.Testscript.LoginPageTest -->
