<?xml version="1.0" encoding="UTF-8"?>
<!-- Generated by org.testng.reporters.JUnitReportReporter -->
<testsuite hostname="DESKTOP-DPM58SF" failures="0" tests="4" name="com.obsqura.rmart_supermarket.Testscript.AdminUsersPageTest" time="36.832" errors="0" timestamp="2025-03-28T21:43:21 IST" skipped="0">
  <testcase classname="com.obsqura.rmart_supermarket.Testscript.AdminUsersPageTest" name="verifyUserCanDeleteFirstAdminUser" time="8.286"/>
  <testcase classname="com.obsqura.rmart_supermarket.Testscript.AdminUsersPageTest" name="verifyUserCanSearchExistingAdminUsers" time="9.201"/>
  <testcase classname="com.obsqura.rmart_supermarket.Testscript.AdminUsersPageTest" name="verifyUserCanCreateNewAdminUser" time="10.700"/>
  <testcase classname="com.obsqura.rmart_supermarket.Testscript.AdminUsersPageTest" name="creatingExistingAdminUser" time="8.645"/>
</testsuite> <!-- com.obsqura.rmart_supermarket.Testscript.AdminUsersPageTest -->
