<?xml version="1.0" encoding="UTF-8"?>
<!-- Generated by org.testng.reporters.JUnitReportReporter -->
<testsuite hostname="DESKTOP-DPM58SF" failures="0" tests="1" name="com.obsqura.rmart_supermarket.Testscript.HomePageTest" time="16.701" errors="0" timestamp="2025-04-03T17:19:11 IST" skipped="0">
  <testcase classname="com.obsqura.rmart_supermarket.Testscript.HomePageTest" name="verifyUserCanLogout" time="16.701"/>
</testsuite> <!-- com.obsqura.rmart_supermarket.Testscript.HomePageTest -->
