<?xml version="1.0" encoding="UTF-8"?>
<!-- Generated by org.testng.reporters.JUnitReportReporter -->
<testsuite hostname="DESKTOP-DPM58SF" failures="0" tests="2" name="com.obsqura.rmart_supermarket.Testscript.LoginPageTest" time="24.671" errors="0" timestamp="2025-04-03T21:35:24 IST" skipped="0">
  <testcase classname="com.obsqura.rmart_supermarket.Testscript.LoginPageTest" name="invalidUsernameAndValidPassword" time="11.259"/>
  <testcase classname="com.obsqura.rmart_supermarket.Testscript.LoginPageTest" name="validUsernameAndPassword" time="13.412"/>
</testsuite> <!-- com.obsqura.rmart_supermarket.Testscript.LoginPageTest -->
