<?xml version="1.0" encoding="UTF-8"?>
<!-- Generated by org.testng.reporters.JUnitReportReporter -->
<testsuite hostname="DESKTOP-DPM58SF" failures="0" tests="1" name="com.obsqura.rmart_supermarket.Testscript.ManageFooterTextPageTest" time="15.539" errors="0" timestamp="2025-03-28T21:33:50 IST" skipped="0">
  <testcase classname="com.obsqura.rmart_supermarket.Testscript.ManageFooterTextPageTest" name="verifyUserCanEditFooterTextInformation" time="15.539"/>
</testsuite> <!-- com.obsqura.rmart_supermarket.Testscript.ManageFooterTextPageTest -->
