<?xml version="1.0" encoding="UTF-8"?>
<!-- Generated by org.testng.reporters.JUnitReportReporter -->
<testsuite hostname="DESKTOP-DPM58SF" failures="0" tests="1" name="com.obsqura.rmart_supermarket.Testscript.ManageContactPageTest" time="58.664" errors="0" timestamp="2025-03-30T14:42:53 IST" skipped="0">
  <testcase classname="com.obsqura.rmart_supermarket.Testscript.ManageContactPageTest" name="verifyUserCanEditContactDetails" time="58.664"/>
</testsuite> <!-- com.obsqura.rmart_supermarket.Testscript.ManageContactPageTest -->
