<?xml version="1.0" encoding="UTF-8"?>
<!-- Generated by org.testng.reporters.JUnitReportReporter -->
<testsuite hostname="DESKTOP-DPM58SF" failures="0" tests="1" name="com.obsqura.rmart_supermarket.Testscript.ManageNewsPageTest" time="9.529" errors="0" timestamp="2025-04-02T21:16:44 IST" skipped="0">
  <testcase classname="com.obsqura.rmart_supermarket.Testscript.ManageNewsPageTest" name="verifyUserCanEnterTheNewsInformation" time="9.529"/>
</testsuite> <!-- com.obsqura.rmart_supermarket.Testscript.ManageNewsPageTest -->
