<?xml version="1.0" encoding="UTF-8"?>
<!-- Generated by org.testng.reporters.JUnitReportReporter -->
<testsuite hostname="DESKTOP-DPM58SF" failures="0" tests="1" name="com.obsqura.rmart_supermarket.Testscript.SubCategoryPageTest" time="30.731" errors="0" timestamp="2025-03-30T21:43:39 IST" skipped="0">
  <testcase classname="com.obsqura.rmart_supermarket.Testscript.SubCategoryPageTest" name="verifyUserCanAddSubCategory" time="30.731"/>
</testsuite> <!-- com.obsqura.rmart_supermarket.Testscript.SubCategoryPageTest -->
