<?xml version="1.0" encoding="UTF-8"?>
<!-- Generated by org.testng.reporters.JUnitReportReporter -->
<testsuite hostname="DESKTOP-DPM58SF" failures="0" tests="1" name="com.obsqura.rmart_supermarket.Testscript.AdminUsersPageTest" time="22.064" errors="0" timestamp="2025-04-03T17:12:48 IST" skipped="0">
  <testcase classname="com.obsqura.rmart_supermarket.Testscript.AdminUsersPageTest" name="verifyUserCanCreateNewAdminUser" time="22.064"/>
</testsuite> <!-- com.obsqura.rmart_supermarket.Testscript.AdminUsersPageTest -->
