<?xml version="1.0" encoding="UTF-8"?>
<!-- Generated by org.testng.reporters.JUnitReportReporter -->
<testsuite hostname="DESKTOP-DPM58SF" failures="0" tests="1" name="com.obsqura.rmart_supermarket.Testscript.ManageProductPageTest" time="29.441" errors="0" timestamp="2025-03-30T21:24:34 IST" skipped="0">
  <testcase classname="com.obsqura.rmart_supermarket.Testscript.ManageProductPageTest" name="verifyUserCanSeachProduct" time="29.441"/>
</testsuite> <!-- com.obsqura.rmart_supermarket.Testscript.ManageProductPageTest -->
